Using pre-set license
Built from '2022.3/staging' branch; Version is '2022.3.10f1 (ff3792e53c62) revision 16725906'; Using compiler version '192829333'; Build Type 'Release'
OS: 'Windows 11  (10.0.22621) 64bit Core' Language: 'en' Physical Memory: 16322 MB
BatchMode: 1, IsHumanControllingUs: 0, StartBugReporterOnCrash: 0, Is64bit: 1, IsPro: 1

COMMAND LINE ARGUMENTS:
G:\unity\editor\2022.3.10f1\Editor\Unity.exe
-adb2
-batchMode
-noUpm
-name
AssetImportWorker0
-projectPath
F:/Github/GameAWeek/Game-a-Week/Dino
-logFile
Logs/AssetImportWorker0.log
-srvPort
59310
Successfully changed project path to: F:/Github/GameAWeek/Game-a-Week/Dino
F:/Github/GameAWeek/Game-a-Week/Dino
[UnityMemory] Configuration Parameters - Can be set up in boot.config
    "memorysetup-bucket-allocator-granularity=16"
    "memorysetup-bucket-allocator-bucket-count=8"
    "memorysetup-bucket-allocator-block-size=33554432"
    "memorysetup-bucket-allocator-block-count=8"
    "memorysetup-main-allocator-block-size=16777216"
    "memorysetup-thread-allocator-block-size=16777216"
    "memorysetup-gfx-main-allocator-block-size=16777216"
    "memorysetup-gfx-thread-allocator-block-size=16777216"
    "memorysetup-cache-allocator-block-size=4194304"
    "memorysetup-typetree-allocator-block-size=2097152"
    "memorysetup-profiler-bucket-allocator-granularity=16"
    "memorysetup-profiler-bucket-allocator-bucket-count=8"
    "memorysetup-profiler-bucket-allocator-block-size=33554432"
    "memorysetup-profiler-bucket-allocator-block-count=8"
    "memorysetup-profiler-allocator-block-size=16777216"
    "memorysetup-profiler-editor-allocator-block-size=1048576"
    "memorysetup-temp-allocator-size-main=16777216"
    "memorysetup-job-temp-allocator-block-size=2097152"
    "memorysetup-job-temp-allocator-block-size-background=1048576"
    "memorysetup-job-temp-allocator-reduction-small-platforms=262144"
    "memorysetup-allocator-temp-initial-block-size-main=262144"
    "memorysetup-allocator-temp-initial-block-size-worker=262144"
    "memorysetup-temp-allocator-size-background-worker=32768"
    "memorysetup-temp-allocator-size-job-worker=262144"
    "memorysetup-temp-allocator-size-preload-manager=33554432"
    "memorysetup-temp-allocator-size-nav-mesh-worker=65536"
    "memorysetup-temp-allocator-size-audio-worker=65536"
    "memorysetup-temp-allocator-size-cloud-worker=32768"
    "memorysetup-temp-allocator-size-gi-baking-worker=262144"
    "memorysetup-temp-allocator-size-gfx=262144"
Player connection [4308] Host "[IP] 192.168.1.108 [Port] 0 [Flags] 2 [Guid] 2115165376 [EditorId] 2115165376 [Version] 1048832 [Id] WindowsEditor(7,DESKTOP-IFJTF1T) [Debug] 1 [PackageName] WindowsEditor [ProjectName] Editor" joined multi-casting on [225.0.0.222:54997]...

Player connection [4308] Host "[IP] 192.168.1.108 [Port] 0 [Flags] 2 [Guid] 2115165376 [EditorId] 2115165376 [Version] 1048832 [Id] WindowsEditor(7,DESKTOP-IFJTF1T) [Debug] 1 [PackageName] WindowsEditor [ProjectName] Editor" joined alternative multi-casting on [225.0.0.222:34997]...

[Physics::Module] Initialized MultithreadedJobDispatcher with 5 workers.
Refreshing native plugins compatible for Editor in 12.23 ms, found 4 plugins.
Preloading 0 native plugins for Editor in 0.00 ms.
Initialize engine version: 2022.3.10f1 (ff3792e53c62)
[Subsystems] Discovering subsystems at path G:/unity/editor/2022.3.10f1/Editor/Data/Resources/UnitySubsystems
[Subsystems] Discovering subsystems at path F:/Github/GameAWeek/Game-a-Week/Dino/Assets
GfxDevice: creating device client; threaded=0; jobified=0
Direct3D:
    Version:  Direct3D 11.0 [level 11.1]
    Renderer: NVIDIA GeForce GTX 970 (ID=0x13c2)
    Vendor:   NVIDIA
    VRAM:     4037 MB
    Driver:   31.0.15.3742
Initialize mono
Mono path[0] = 'G:/unity/editor/2022.3.10f1/Editor/Data/Managed'
Mono path[1] = 'G:/unity/editor/2022.3.10f1/Editor/Data/MonoBleedingEdge/lib/mono/unityjit-win32'
Mono config path = 'G:/unity/editor/2022.3.10f1/Editor/Data/MonoBleedingEdge/etc'
Using monoOptions --debugger-agent=transport=dt_socket,embedding=1,server=y,suspend=n,address=127.0.0.1:56816
Begin MonoManager ReloadAssembly
Registering precompiled unity dll's ...
Register platform support module: G:/unity/editor/2022.3.10f1/Editor/Data/PlaybackEngines/AndroidPlayer/UnityEditor.Android.Extensions.dll
Register platform support module: G:/unity/editor/2022.3.10f1/Editor/Data/PlaybackEngines/iOSSupport/UnityEditor.iOS.Extensions.dll
Register platform support module: G:/unity/editor/2022.3.10f1/Editor/Data/PlaybackEngines/WindowsStandaloneSupport/UnityEditor.WindowsStandalone.Extensions.dll
Registered in 0.008422 seconds.
- Loaded All Assemblies, in  0.504 seconds
Native extension for WindowsStandalone target not found
[usbmuxd] Start listen thread
[usbmuxd] Listen thread started
Native extension for iOS target not found
Native extension for Android target not found
Android Extension - Scanning For ADB Devices 404 ms
Mono: successfully reloaded assembly
- Finished resetting the current domain, in  0.864 seconds
Domain Reload Profiling: 1368ms
	BeginReloadAssembly (165ms)
		ExecutionOrderSort (0ms)
		DisableScriptedObjects (0ms)
		BackupInstance (0ms)
		ReleaseScriptingObjects (0ms)
		CreateAndSetChildDomain (1ms)
	RebuildCommonClasses (53ms)
	RebuildNativeTypeToScriptingClass (17ms)
	initialDomainReloadingComplete (79ms)
	LoadAllAssembliesAndSetupDomain (190ms)
		LoadAssemblies (165ms)
		RebuildTransferFunctionScriptingTraits (0ms)
		AnalyzeDomain (186ms)
			TypeCache.Refresh (184ms)
				TypeCache.ScanAssembly (167ms)
			ScanForSourceGeneratedMonoScriptInfo (0ms)
			ResolveRequiredComponents (0ms)
	FinalizeReload (864ms)
		ReleaseScriptCaches (0ms)
		RebuildScriptCaches (0ms)
		SetupLoadedEditorAssemblies (789ms)
			LogAssemblyErrors (0ms)
			InitializePlatformSupportModulesInManaged (570ms)
			SetLoadedEditorAssemblies (6ms)
			RefreshPlugins (0ms)
			BeforeProcessingInitializeOnLoad (3ms)
			ProcessInitializeOnLoadAttributes (144ms)
			ProcessInitializeOnLoadMethodAttributes (66ms)
			AfterProcessingInitializeOnLoad (0ms)
			EditorAssembliesLoaded (0ms)
		ExecutionOrderSort2 (0ms)
		AwakeInstancesAfterBackupRestoration (0ms)
========================================================================
Worker process is ready to serve import requests
Begin MonoManager ReloadAssembly
- Loaded All Assemblies, in  0.939 seconds
Refreshing native plugins compatible for Editor in 4.89 ms, found 4 plugins.
Native extension for WindowsStandalone target not found
Native extension for iOS target not found
Native extension for Android target not found
Package Manager log level set to [2]
[Package Manager] Server::EnsureServerProcessIsRunning -- launch failed, reason: Unity was launched with the -noUpm command-line argument
[Package Manager] UpmClient::Send -- Unable to send message (not connected to UPM process).
[Package Manager] Cannot connect to Unity Package Manager local server
Mono: successfully reloaded assembly
- Finished resetting the current domain, in  1.056 seconds
Domain Reload Profiling: 1995ms
	BeginReloadAssembly (216ms)
		ExecutionOrderSort (0ms)
		DisableScriptedObjects (11ms)
		BackupInstance (0ms)
		ReleaseScriptingObjects (0ms)
		CreateAndSetChildDomain (33ms)
	RebuildCommonClasses (50ms)
	RebuildNativeTypeToScriptingClass (17ms)
	initialDomainReloadingComplete (55ms)
	LoadAllAssembliesAndSetupDomain (599ms)
		LoadAssemblies (409ms)
		RebuildTransferFunctionScriptingTraits (0ms)
		AnalyzeDomain (316ms)
			TypeCache.Refresh (256ms)
				TypeCache.ScanAssembly (230ms)
			ScanForSourceGeneratedMonoScriptInfo (45ms)
			ResolveRequiredComponents (15ms)
	FinalizeReload (1057ms)
		ReleaseScriptCaches (0ms)
		RebuildScriptCaches (0ms)
		SetupLoadedEditorAssemblies (731ms)
			LogAssemblyErrors (0ms)
			InitializePlatformSupportModulesInManaged (47ms)
			SetLoadedEditorAssemblies (7ms)
			RefreshPlugins (0ms)
			BeforeProcessingInitializeOnLoad (111ms)
			ProcessInitializeOnLoadAttributes (427ms)
			ProcessInitializeOnLoadMethodAttributes (137ms)
			AfterProcessingInitializeOnLoad (3ms)
			EditorAssembliesLoaded (0ms)
		ExecutionOrderSort2 (0ms)
		AwakeInstancesAfterBackupRestoration (9ms)
Launched and connected shader compiler UnityShaderCompiler.exe after 0.07 seconds
Refreshing native plugins compatible for Editor in 4.17 ms, found 4 plugins.
Preloading 0 native plugins for Editor in 0.00 ms.
Unloading 5682 Unused Serialized files (Serialized files now loaded: 0)
Unloading 84 unused Assets / (349.9 KB). Loaded Objects now: 6145.
Memory consumption went from 218.2 MB to 217.8 MB.
Total: 5.889700 ms (FindLiveObjects: 0.517500 ms CreateObjectMapping: 0.668100 ms MarkObjects: 3.300200 ms  DeleteObjects: 1.402800 ms)

AssetImportParameters requested are different than current active one (requested -> active):
  custom:container-demuxer-ogg: 62fdf1f143b41e24485cea50d1cbac27 -> 
  custom:video-decoder-ogg-theora: a1e56fd34408186e4bbccfd4996cb3dc -> 
  custom:framework-win-MediaFoundation: 216162199b28c13a410421893ffa2e32 -> 
  custom:CustomObjectIndexerAttribute: a3ef5dd2817f97addfee359851a9dba5 -> 
  custom:container-demuxer-webm: 4f35f7cbe854078d1ac9338744f61a02 -> 
  custom:container-muxer-webm: aa71ff27fc2769a1b78a27578f13a17b -> 
  custom:video-decoder-webm-vp8: 9c59270c3fd7afecdb556c50c9e8de78 -> 
  custom:SearchIndexIgnoredProperties: e643bd26f0fe6173181afceb89e7c659 -> 
  custom:AudioImporter_EditorPlatform: d09bf68614088b80899f8185d706f6e7 -> 
  custom:video-encoder-webm-vp8: eb34c28f22e8b96e1ab97ce403110664 -> 
  custom:audio-decoder-ogg-vorbis: bf7c407c2cedff20999df2af8eb42d56 -> 
  custom:audio-encoder-webm-vorbis: bf7c407c2cedff20999df2af8eb42d56 -> 
========================================================================
Received Import Request.
  Time since last request: 9115.667253 seconds.
  path: Assets/UniversalRenderPipelineGlobalSettings.asset
  artifactKey: Guid(a8171d049984a1a489f6bca4526762c7) Importer(815301076,1909f56bfc062723c751e8b465ee728b)
Start importing Assets/UniversalRenderPipelineGlobalSettings.asset using Guid(a8171d049984a1a489f6bca4526762c7) Importer(815301076,1909f56bfc062723c751e8b465ee728b)  -> (artifact id: 'd90abf4f6717c28aba5bd3c072e104c4') in 0.026911 seconds
Number of updated asset objects reloaded before import = 0
Number of asset objects unloaded after import = 1
========================================================================
Received Import Request.
  Time since last request: 1.688395 seconds.
  path: Assets
  artifactKey: Guid(00000000000000001000000000000000) Importer(815301076,1909f56bfc062723c751e8b465ee728b)
Start importing Assets using Guid(00000000000000001000000000000000) Importer(815301076,1909f56bfc062723c751e8b465ee728b)  -> (artifact id: '8a4fe85251aa2e89732c359432baa2c3') in 0.000401 seconds
Number of updated asset objects reloaded before import = 0
Number of asset objects unloaded after import = 0
========================================================================
Received Import Request.
  Time since last request: 8.859850 seconds.
  path: Assets/Art
  artifactKey: Guid(a0894af49b383de448cac7da48c78147) Importer(815301076,1909f56bfc062723c751e8b465ee728b)
Start importing Assets/Art using Guid(a0894af49b383de448cac7da48c78147) Importer(815301076,1909f56bfc062723c751e8b465ee728b)  -> (artifact id: '06bfabdcd8e962397286cc23b66a9fb3') in 0.001708 seconds
Number of updated asset objects reloaded before import = 0
Number of asset objects unloaded after import = 0
========================================================================
Received Import Request.
  Time since last request: 15.765682 seconds.
  path: Assets/Art/scenePack.png
  artifactKey: Guid(1eeed11cc9eabac4393bd48fd63afd4a) Importer(815301076,1909f56bfc062723c751e8b465ee728b)
Start importing Assets/Art/scenePack.png using Guid(1eeed11cc9eabac4393bd48fd63afd4a) Importer(815301076,1909f56bfc062723c751e8b465ee728b)  -> (artifact id: '8e5d673b662482e5c7ced886c0adfc98') in 0.091484 seconds
Number of updated asset objects reloaded before import = 0
Number of asset objects unloaded after import = 3
========================================================================
Received Import Request.
  Time since last request: 57.587334 seconds.
  path: Assets/Art/scenePack.png
  artifactKey: Guid(1eeed11cc9eabac4393bd48fd63afd4a) Importer(815301076,1909f56bfc062723c751e8b465ee728b)
Start importing Assets/Art/scenePack.png using Guid(1eeed11cc9eabac4393bd48fd63afd4a) Importer(815301076,1909f56bfc062723c751e8b465ee728b)  -> (artifact id: '9695bc871c7e161122389c23ef4c8e98') in 0.015454 seconds
Number of updated asset objects reloaded before import = 0
Number of asset objects unloaded after import = 2
========================================================================
Received Import Request.
  Time since last request: 36.266954 seconds.
  path: Assets/Art/scenePack.png
  artifactKey: Guid(1eeed11cc9eabac4393bd48fd63afd4a) Importer(815301076,1909f56bfc062723c751e8b465ee728b)
Start importing Assets/Art/scenePack.png using Guid(1eeed11cc9eabac4393bd48fd63afd4a) Importer(815301076,1909f56bfc062723c751e8b465ee728b)  -> (artifact id: '7c38dfc4b1410782ea0055860505ff22') in 0.013346 seconds
Number of updated asset objects reloaded before import = 0
Number of asset objects unloaded after import = 2
========================================================================
Received Import Request.
  Time since last request: 29.100352 seconds.
  path: Assets/Art/scenePack.png
  artifactKey: Guid(1eeed11cc9eabac4393bd48fd63afd4a) Importer(815301076,1909f56bfc062723c751e8b465ee728b)
Start importing Assets/Art/scenePack.png using Guid(1eeed11cc9eabac4393bd48fd63afd4a) Importer(815301076,1909f56bfc062723c751e8b465ee728b)  -> (artifact id: '55134f4fe24f27688cc8fbfdc5360915') in 0.020319 seconds
Number of updated asset objects reloaded before import = 0
Number of asset objects unloaded after import = 2
========================================================================
Received Import Request.
  Time since last request: 96.221251 seconds.
  path: Assets/Art/scenePack.png
  artifactKey: Guid(1eeed11cc9eabac4393bd48fd63afd4a) Importer(815301076,1909f56bfc062723c751e8b465ee728b)
Start importing Assets/Art/scenePack.png using Guid(1eeed11cc9eabac4393bd48fd63afd4a) Importer(815301076,1909f56bfc062723c751e8b465ee728b)  -> (artifact id: '5652f2579da97f4d70b7708041399866') in 0.111744 seconds
Number of updated asset objects reloaded before import = 0
Number of asset objects unloaded after import = 38
========================================================================
Received Import Request.
  Time since last request: 152.116859 seconds.
  path: Assets/Art/scenePack.png
  artifactKey: Guid(1eeed11cc9eabac4393bd48fd63afd4a) Importer(815301076,1909f56bfc062723c751e8b465ee728b)
Start importing Assets/Art/scenePack.png using Guid(1eeed11cc9eabac4393bd48fd63afd4a) Importer(815301076,1909f56bfc062723c751e8b465ee728b)  -> (artifact id: 'ce93bb1449f91ea6d6d7576ce7372a15') in 0.024966 seconds
Number of updated asset objects reloaded before import = 0
Number of asset objects unloaded after import = 3
========================================================================
Received Import Request.
  Time since last request: 19.269310 seconds.
  path: Assets/Art/scenePack.png
  artifactKey: Guid(1eeed11cc9eabac4393bd48fd63afd4a) Importer(815301076,1909f56bfc062723c751e8b465ee728b)
Start importing Assets/Art/scenePack.png using Guid(1eeed11cc9eabac4393bd48fd63afd4a) Importer(815301076,1909f56bfc062723c751e8b465ee728b)  -> (artifact id: '1d7ffff0d17e1ca53995c3b35528b963') in 0.018426 seconds
Number of updated asset objects reloaded before import = 0
Number of asset objects unloaded after import = 2
========================================================================
Received Import Request.
  Time since last request: 19.924728 seconds.
  path: Assets/Art/scenePack.png
  artifactKey: Guid(1eeed11cc9eabac4393bd48fd63afd4a) Importer(815301076,1909f56bfc062723c751e8b465ee728b)
Start importing Assets/Art/scenePack.png using Guid(1eeed11cc9eabac4393bd48fd63afd4a) Importer(815301076,1909f56bfc062723c751e8b465ee728b)  -> (artifact id: '02588bd98459183b7c77fd556ecab2da') in 0.053612 seconds
Number of updated asset objects reloaded before import = 0
Number of asset objects unloaded after import = 12
========================================================================
Received Import Request.
  Time since last request: 107.608311 seconds.
  path: Assets/Art/scenePalette.prefab
  artifactKey: Guid(a6b88fb1af2e50c499f1ad83091ee87e) Importer(815301076,1909f56bfc062723c751e8b465ee728b)
Start importing Assets/Art/scenePalette.prefab using Guid(a6b88fb1af2e50c499f1ad83091ee87e) Importer(815301076,1909f56bfc062723c751e8b465ee728b)  -> (artifact id: '7bb497de05ad14f80a8005353ddefd9a') in 0.263280 seconds
Number of updated asset objects reloaded before import = 0
Number of asset objects unloaded after import = 12
========================================================================
Received Import Request.
  Time since last request: 57.946726 seconds.
  path: Assets/Art/Scene Tiles
  artifactKey: Guid(3c237c84425d2a449916d7c7b31349e4) Importer(815301076,1909f56bfc062723c751e8b465ee728b)
Start importing Assets/Art/Scene Tiles using Guid(3c237c84425d2a449916d7c7b31349e4) Importer(815301076,1909f56bfc062723c751e8b465ee728b)  -> (artifact id: '09867c102fa7e0b9fea04f4d3b7511d1') in 0.000472 seconds
Number of updated asset objects reloaded before import = 0
Number of asset objects unloaded after import = 0
========================================================================
Received Import Request.
  Time since last request: 30.676968 seconds.
  path: Assets/Art/scenePalette.prefab
  artifactKey: Guid(a6b88fb1af2e50c499f1ad83091ee87e) Importer(815301076,1909f56bfc062723c751e8b465ee728b)
Start importing Assets/Art/scenePalette.prefab using Guid(a6b88fb1af2e50c499f1ad83091ee87e) Importer(815301076,1909f56bfc062723c751e8b465ee728b)  -> (artifact id: '8a7fd4250dd28384cc5e15b75c6b8186') in 0.027107 seconds
Number of updated asset objects reloaded before import = 0
Number of asset objects unloaded after import = 32
========================================================================
Received Import Request.
  Time since last request: 252.121701 seconds.
  path: Assets/Art/scenePalette.prefab
  artifactKey: Guid(a6b88fb1af2e50c499f1ad83091ee87e) Importer(815301076,1909f56bfc062723c751e8b465ee728b)
Start importing Assets/Art/scenePalette.prefab using Guid(a6b88fb1af2e50c499f1ad83091ee87e) Importer(815301076,1909f56bfc062723c751e8b465ee728b)  -> (artifact id: '62d8ab54861861601b632466f672ba08') in 0.017211 seconds
Number of updated asset objects reloaded before import = 0
Number of asset objects unloaded after import = 32
